<?xml version="1.0" encoding="UTF-8"?>
<testsuite name="TodoTest" tests="2" skipped="0" failures="0" errors="0" timestamp="2023-02-26T17:41:33" hostname="Marinas-Air.fritz.box" time="0.007">
  <properties/>
  <testcase name="testReturnsEmptyListFromMethod()" classname="TodoTest" time="0.006"/>
  <testcase name="testReturnsEmptyListFromVariable()" classname="TodoTest" time="0.0"/>
  <system-out><![CDATA[]]></system-out>
  <system-err><![CDATA[]]></system-err>
</testsuite>
