<?xml version="1.0" encoding="UTF-8"?>
<testsuite name="GameTest" tests="1" skipped="0" failures="0" errors="0" timestamp="2023-03-04T15:28:23" hostname="Marinas-Air.fritz.box" time="0.011">
  <properties/>
  <testcase name="testGetsWordToGuess()" classname="GameTest" time="0.011"/>
  <system-out><![CDATA[]]></system-out>
  <system-err><![CDATA[]]></system-err>
</testsuite>
